#
# There is insufficient memory for the Java Runtime Environment to continue.
# Native memory allocation (malloc) failed to allocate 1675648 bytes for Chunk::new
# Possible reasons:
#   The system is out of physical RAM or swap space
#   The process is running with CompressedOops enabled, and the Java Heap may be blocking the growth of the native heap
# Possible solutions:
#   Reduce memory load on the system
#   Increase physical memory or swap space
#   Check if swap backing store is full
#   Decrease Java heap size (-Xmx/-Xms)
#   Decrease number of Java threads
#   Decrease Java thread stack sizes (-Xss)
#   Set larger code cache with -XX:ReservedCodeCacheSize=
#   JVM is running with Zero Based Compressed Oops mode in which the Java heap is
#     placed in the first 32GB address space. The Java Heap base address is the
#     maximum limit for the native heap growth. Please use -XX:HeapBaseMinAddress
#     to set the Java Heap base and to place the Java Heap above 32GB virtual address.
# This output file may be truncated or incomplete.
#
#  Out of Memory Error (allocation.cpp:389), pid=11084, tid=0x0000000000002450
#
# JRE version: Java(TM) SE Runtime Environment (8.0_271-b09) (build 1.8.0_271-b09)
# Java VM: Java HotSpot(TM) 64-Bit Server VM (25.271-b09 mixed mode windows-amd64 compressed oops)
# Failed to write core dump. Minidumps are not enabled by default on client versions of Windows
#

---------------  T H R E A D  ---------------

Current thread (0x0000024734234800):  JavaThread "C2 CompilerThread1" daemon [_thread_in_native, id=9296, stack(0x0000005fa1900000,0x0000005fa1a00000)]

Stack: [0x0000005fa1900000,0x0000005fa1a00000]
Native frames: (J=compiled Java code, j=interpreted, Vv=VM code, C=native code)
V  [jvm.dll+0x33f6c9]
V  [jvm.dll+0x286122]
V  [jvm.dll+0x286dcd]
V  [jvm.dll+0x27d805]
V  [jvm.dll+0xe574c]
V  [jvm.dll+0xe5f4c]
V  [jvm.dll+0x480095]
V  [jvm.dll+0x447c30]
V  [jvm.dll+0x450c25]
V  [jvm.dll+0x44ffe5]
V  [jvm.dll+0x43aef7]
V  [jvm.dll+0xbc3eb]
V  [jvm.dll+0xbaa4b]
V  [jvm.dll+0x24e7c2]
V  [jvm.dll+0x2a2dcc]
C  [ucrtbase.dll+0x214c2]
C  [KERNEL32.DLL+0x17034]
C  [ntdll.dll+0x4d0d1]


Current CompileTask:
C2:   4222 1560       4       java.net.URLClassLoader$1::run (5 bytes)


---------------  P R O C E S S  ---------------

Java Threads: ( => current thread )
  0x00000247342b0800 JavaThread "Service Thread" daemon [_thread_blocked, id=3488, stack(0x0000005fa1b00000,0x0000005fa1c00000)]
  0x000002473423a800 JavaThread "C1 CompilerThread2" daemon [_thread_blocked, id=9340, stack(0x0000005fa1a00000,0x0000005fa1b00000)]
=>0x0000024734234800 JavaThread "C2 CompilerThread1" daemon [_thread_in_native, id=9296, stack(0x0000005fa1900000,0x0000005fa1a00000)]
  0x000002473422d000 JavaThread "C2 CompilerThread0" daemon [_thread_blocked, id=9848, stack(0x0000005fa1800000,0x0000005fa1900000)]
  0x000002473422b800 JavaThread "Attach Listener" daemon [_thread_blocked, id=17604, stack(0x0000005fa1700000,0x0000005fa1800000)]
  0x000002473422a000 JavaThread "Signal Dispatcher" daemon [_thread_blocked, id=9960, stack(0x0000005fa1600000,0x0000005fa1700000)]
  0x0000024733adc000 JavaThread "Finalizer" daemon [_thread_blocked, id=13728, stack(0x0000005fa1400000,0x0000005fa1500000)]
  0x0000024734205800 JavaThread "Reference Handler" daemon [_thread_blocked, id=2136, stack(0x0000005fa1300000,0x0000005fa1400000)]
  0x000002471b4a5000 JavaThread "main" [_thread_in_native, id=11736, stack(0x0000005fa0d00000,0x0000005fa0e00000)]

Other Threads:
  0x00000247341e1800 VMThread [stack: 0x0000005fa1200000,0x0000005fa1300000] [id=7296]
  0x000002473427a000 WatcherThread [stack: 0x0000005fa1c00000,0x0000005fa1d00000] [id=16896]

VM state:not at safepoint (normal execution)

VM Mutex/Monitor currently owned by a thread: None

heap address: 0x0000000701400000, size: 3052 MB, Compressed Oops mode: Zero based, Oop shift amount: 3
Narrow klass base: 0x0000000000000000, Narrow klass shift: 3
Compressed class space size: 1073741824 Address: 0x00000007c0000000

Heap:
 PSYoungGen      total 57344K, used 50187K [0x0000000780700000, 0x0000000784700000, 0x00000007c0000000)
  eden space 49152K, 87% used [0x0000000780700000,0x00000007830c9ef0,0x0000000783700000)
  from space 8192K, 90% used [0x0000000783700000,0x0000000783e38eb8,0x0000000783f00000)
  to   space 8192K, 0% used [0x0000000783f00000,0x0000000783f00000,0x0000000784700000)
 ParOldGen       total 131072K, used 16K [0x0000000701400000, 0x0000000709400000, 0x0000000780700000)
  object space 131072K, 0% used [0x0000000701400000,0x0000000701404000,0x0000000709400000)
 Metaspace       used 14635K, capacity 14874K, committed 14976K, reserved 1062912K
  class space    used 1796K, capacity 1878K, committed 1920K, reserved 1048576K

Card table byte_map: [0x000002472c280000,0x000002472c880000] byte_map_base: 0x0000024728a76000

Marking Bits: (ParMarkBitMap*) 0x0000000059147fe0
 Begin Bits: [0x000002472cc80000, 0x000002472fc30000)
 End Bits:   [0x000002472fc30000, 0x0000024732be0000)

Polling page: 0x000002471b680000

CodeCache: size=245760Kb used=5620Kb max_used=5630Kb free=240139Kb
 bounds [0x000002471cec0000, 0x000002471d450000, 0x000002472bec0000]
 total_blobs=2033 nmethods=1693 adapters=253
 compilation: enabled

Compilation events (10 events):
Event: 3.938 Thread 0x000002473423a800 nmethod 1693 0x000002471d43bc10 code [0x000002471d43bd80, 0x000002471d43c0b0]
Event: 3.938 Thread 0x000002473423a800 1694       3       java.util.Collections$UnmodifiableMap$UnmodifiableEntrySet$UnmodifiableEntry::getKey (10 bytes)
Event: 3.938 Thread 0x000002473423a800 nmethod 1694 0x000002471d43c210 code [0x000002471d43c380, 0x000002471d43c5b0]
Event: 3.938 Thread 0x000002473423a800 1695       3       java.util.Collections$UnmodifiableMap$UnmodifiableEntrySet$UnmodifiableEntry::getValue (10 bytes)
Event: 3.938 Thread 0x000002473423a800 nmethod 1695 0x000002471d43c650 code [0x000002471d43c7c0, 0x000002471d43c9f0]
Event: 3.938 Thread 0x000002473423a800 1689       3       java.util.regex.Pattern$Node::<init> (12 bytes)
Event: 3.938 Thread 0x000002473423a800 nmethod 1689 0x000002471d43ca90 code [0x000002471d43cc00, 0x000002471d43cdd8]
Event: 3.939 Thread 0x000002473422d000 nmethod 1685 0x000002471d440150 code [0x000002471d4402c0, 0x000002471d440978]
Event: 3.939 Thread 0x000002473422d000 1686  s    4       org.fusesource.jansi.AnsiPrintStream::filter (948 bytes)
Event: 4.009 Thread 0x000002473422d000 nmethod 1686 0x000002471d441310 code [0x000002471d441700, 0x000002471d443090]

GC Heap History (2 events):
Event: 1.893 GC heap before
{Heap before GC invocations=1 (full 0):
 PSYoungGen      total 57344K, used 49152K [0x0000000780700000, 0x0000000784700000, 0x00000007c0000000)
  eden space 49152K, 100% used [0x0000000780700000,0x0000000783700000,0x0000000783700000)
  from space 8192K, 0% used [0x0000000783f00000,0x0000000783f00000,0x0000000784700000)
  to   space 8192K, 0% used [0x0000000783700000,0x0000000783700000,0x0000000783f00000)
 ParOldGen       total 131072K, used 0K [0x0000000701400000, 0x0000000709400000, 0x0000000780700000)
  object space 131072K, 0% used [0x0000000701400000,0x0000000701400000,0x0000000709400000)
 Metaspace       used 9445K, capacity 9576K, committed 9728K, reserved 1058816K
  class space    used 1142K, capacity 1212K, committed 1280K, reserved 1048576K
Event: 1.907 GC heap after
Heap after GC invocations=1 (full 0):
 PSYoungGen      total 57344K, used 7395K [0x0000000780700000, 0x0000000784700000, 0x00000007c0000000)
  eden space 49152K, 0% used [0x0000000780700000,0x0000000780700000,0x0000000783700000)
  from space 8192K, 90% used [0x0000000783700000,0x0000000783e38eb8,0x0000000783f00000)
  to   space 8192K, 0% used [0x0000000783f00000,0x0000000783f00000,0x0000000784700000)
 ParOldGen       total 131072K, used 16K [0x0000000701400000, 0x0000000709400000, 0x0000000780700000)
  object space 131072K, 0% used [0x0000000701400000,0x0000000701404000,0x0000000709400000)
 Metaspace       used 9445K, capacity 9576K, committed 9728K, reserved 1058816K
  class space    used 1142K, capacity 1212K, committed 1280K, reserved 1048576K
}

Deoptimization events (10 events):
Event: 0.836 Thread 0x000002471b4a5000 Uncommon trap: reason=unstable_if action=reinterpret pc=0x000002471d043c50 method=java.lang.String.indexOf([CII[CIII)I @ 3
Event: 1.239 Thread 0x000002471b4a5000 Uncommon trap: reason=unstable_if action=reinterpret pc=0x000002471d090728 method=org.codehaus.plexus.util.xml.pull.MXParser.more()C @ 8
Event: 1.398 Thread 0x000002471b4a5000 Uncommon trap: reason=unstable_if action=reinterpret pc=0x000002471d19a250 method=org.codehaus.plexus.util.xml.pull.MXParser.nextImpl()I @ 241
Event: 1.517 Thread 0x000002471b4a5000 Uncommon trap: reason=unstable_if action=reinterpret pc=0x000002471d13f49c method=java.util.HashMap.getNode(ILjava/lang/Object;)Ljava/util/HashMap$Node; @ 129
Event: 1.517 Thread 0x000002471b4a5000 Uncommon trap: reason=unstable_if action=reinterpret pc=0x000002471d1391c4 method=java.util.HashMap.getNode(ILjava/lang/Object;)Ljava/util/HashMap$Node; @ 129
Event: 1.541 Thread 0x000002471b4a5000 Uncommon trap: reason=range_check action=make_not_entrant pc=0x000002471d1cd5a8 method=sun.reflect.generics.parser.SignatureParser.current()C @ 34
Event: 3.318 Thread 0x000002471b4a5000 Uncommon trap: reason=unstable_if action=reinterpret pc=0x000002471d3bc5d8 method=org.eclipse.sisu.inject.InjectorBindings.isAssignableFrom(Lcom/google/inject/TypeLiteral;Lcom/google/inject/Binding;)Z @ 14
Event: 3.375 Thread 0x000002471b4a5000 Uncommon trap: reason=unstable_if action=reinterpret pc=0x000002471d11f7ac method=java.io.WinNTFileSystem.normalize(Ljava/lang/String;)Ljava/lang/String; @ 128
Event: 3.694 Thread 0x000002471b4a5000 Uncommon trap: reason=unstable_if action=reinterpret pc=0x000002471d0671c8 method=java.lang.String.replace(CC)Ljava/lang/String; @ 2
Event: 3.710 Thread 0x000002471b4a5000 Uncommon trap: reason=unstable_if action=reinterpret pc=0x000002471d303228 method=java.lang.String.substring(I)Ljava/lang/String; @ 35

Classes redefined (0 events):
No events

Internal exceptions (10 events):
Event: 1.541 Thread 0x000002471b4a5000 Exception <a 'java/lang/ArrayIndexOutOfBoundsException': 66> (0x000000078289a890) thrown at [C:\jenkins\workspace\8-2-build-windows-amd64-cygwin\jdk8u271\605\hotspot\src\share\vm\interpreter\interpreterRuntime.cpp, line 371]
Event: 2.905 Thread 0x000002471b4a5000 Exception <a 'java/lang/NoClassDefFoundError': com/google/inject/servlet/ServletModuleTargetVisitor> (0x00000007822b5a60) thrown at [C:\jenkins\workspace\8-2-build-windows-amd64-cygwin\jdk8u271\605\hotspot\src\share\vm\classfile\systemDictionary.cpp, line
Event: 2.905 Thread 0x000002471b4a5000 Exception <a 'java/lang/NoClassDefFoundError'> (0x00000007822b5a60) thrown at [C:\jenkins\workspace\8-2-build-windows-amd64-cygwin\jdk8u271\605\hotspot\src\share\vm\prims\jvm.cpp, line 1516]
Event: 2.906 Thread 0x000002471b4a5000 Exception <a 'java/lang/NoClassDefFoundError': javax/annotation/Priority> (0x00000007822baad0) thrown at [C:\jenkins\workspace\8-2-build-windows-amd64-cygwin\jdk8u271\605\hotspot\src\share\vm\classfile\systemDictionary.cpp, line 201]
Event: 3.503 Thread 0x000002471b4a5000 Exception <a 'java/lang/NullPointerException'> (0x0000000782a1a370) thrown at [C:\jenkins\workspace\8-2-build-windows-amd64-cygwin\jdk8u271\605\hotspot\src\share\vm\interpreter\linkResolver.cpp, line 1185]
Event: 3.503 Thread 0x000002471b4a5000 Exception <a 'java/lang/NullPointerException'> (0x0000000782a1a588) thrown at [C:\jenkins\workspace\8-2-build-windows-amd64-cygwin\jdk8u271\605\hotspot\src\share\vm\interpreter\linkResolver.cpp, line 1185]
Event: 3.503 Thread 0x000002471b4a5000 Exception <a 'java/lang/NullPointerException'> (0x0000000782a1a7a0) thrown at [C:\jenkins\workspace\8-2-build-windows-amd64-cygwin\jdk8u271\605\hotspot\src\share\vm\interpreter\linkResolver.cpp, line 1185]
Event: 3.504 Thread 0x000002471b4a5000 Exception <a 'java/lang/NullPointerException'> (0x0000000782a22da0) thrown at [C:\jenkins\workspace\8-2-build-windows-amd64-cygwin\jdk8u271\605\hotspot\src\share\vm\interpreter\linkResolver.cpp, line 1185]
Event: 3.504 Thread 0x000002471b4a5000 Exception <a 'java/lang/NullPointerException'> (0x0000000782a22fb8) thrown at [C:\jenkins\workspace\8-2-build-windows-amd64-cygwin\jdk8u271\605\hotspot\src\share\vm\interpreter\linkResolver.cpp, line 1185]
Event: 3.504 Thread 0x000002471b4a5000 Exception <a 'java/lang/NullPointerException'> (0x0000000782a231d0) thrown at [C:\jenkins\workspace\8-2-build-windows-amd64-cygwin\jdk8u271\605\hotspot\src\share\vm\interpreter\linkResolver.cpp, line 1185]

Events (10 events):
Event: 3.951 loading class org/eclipse/aether/internal/impl/DefaultSyncContextFactory$DefaultSyncContext
Event: 3.951 loading class org/eclipse/aether/internal/impl/DefaultSyncContextFactory$DefaultSyncContext done
Event: 3.952 loading class org/eclipse/aether/RepositoryEvent$Builder
Event: 3.952 loading class org/eclipse/aether/RepositoryEvent$Builder done
Event: 3.954 loading class org/eclipse/aether/RepositoryEvent$EventType
Event: 3.954 loading class org/eclipse/aether/RepositoryEvent$EventType done
Event: 3.956 loading class org/eclipse/aether/internal/impl/DefaultRepositoryEventDispatcher$1
Event: 3.956 loading class org/eclipse/aether/internal/impl/DefaultRepositoryEventDispatcher$1 done
Event: 3.963 loading class org/eclipse/aether/repository/LocalArtifactRequest
Event: 3.963 loading class org/eclipse/aether/repository/LocalArtifactRequest done


Dynamic libraries:
0x00007ff7d82e0000 - 0x00007ff7d8327000 	C:\Program Files\Java\jdk1.8.0_271\bin\java.exe
0x00007ffcbe010000 - 0x00007ffcbe206000 	C:\WINDOWS\SYSTEM32\ntdll.dll
0x00007ffcbc480000 - 0x00007ffcbc53d000 	C:\WINDOWS\System32\KERNEL32.DLL
0x00007ffcbbe00000 - 0x00007ffcbc0c9000 	C:\WINDOWS\System32\KERNELBASE.dll
0x00007ffcbd2a0000 - 0x00007ffcbd34c000 	C:\WINDOWS\System32\ADVAPI32.dll
0x00007ffcbdbb0000 - 0x00007ffcbdc4e000 	C:\WINDOWS\System32\msvcrt.dll
0x00007ffcbc3e0000 - 0x00007ffcbc47c000 	C:\WINDOWS\System32\sechost.dll
0x00007ffcbd970000 - 0x00007ffcbda9b000 	C:\WINDOWS\System32\RPCRT4.dll
0x00007ffcbd7d0000 - 0x00007ffcbd970000 	C:\WINDOWS\System32\USER32.dll
0x00007ffcbb8d0000 - 0x00007ffcbb8f2000 	C:\WINDOWS\System32\win32u.dll
0x00007ffcbdb00000 - 0x00007ffcbdb2a000 	C:\WINDOWS\System32\GDI32.dll
0x00007ffcbbbf0000 - 0x00007ffcbbcf9000 	C:\WINDOWS\System32\gdi32full.dll
0x00007ffcbb830000 - 0x00007ffcbb8cd000 	C:\WINDOWS\System32\msvcp_win.dll
0x00007ffcbbd00000 - 0x00007ffcbbe00000 	C:\WINDOWS\System32\ucrtbase.dll
0x00007ffca2750000 - 0x00007ffca29eb000 	C:\WINDOWS\WinSxS\amd64_microsoft.windows.common-controls_6595b64144ccf1df_6.0.19041.488_none_ca04af081b815d21\COMCTL32.dll
0x00007ffcbc6a0000 - 0x00007ffcbc6d0000 	C:\WINDOWS\System32\IMM32.DLL
0x00007ffcb6730000 - 0x00007ffcb6745000 	C:\Program Files\Java\jdk1.8.0_271\jre\bin\vcruntime140.dll
0x00007ffc8aa60000 - 0x00007ffc8aafb000 	C:\Program Files\Java\jdk1.8.0_271\jre\bin\msvcp140.dll
0x0000000058950000 - 0x00000000591bf000 	C:\Program Files\Java\jdk1.8.0_271\jre\bin\server\jvm.dll
0x00007ffcbc610000 - 0x00007ffcbc618000 	C:\WINDOWS\System32\PSAPI.DLL
0x00007ffca2e80000 - 0x00007ffca2e89000 	C:\WINDOWS\SYSTEM32\WSOCK32.dll
0x00007ffcab5b0000 - 0x00007ffcab5d7000 	C:\WINDOWS\SYSTEM32\WINMM.dll
0x00007ffcbc630000 - 0x00007ffcbc69b000 	C:\WINDOWS\System32\WS2_32.dll
0x00007ffcb0b10000 - 0x00007ffcb0b1a000 	C:\WINDOWS\SYSTEM32\VERSION.dll
0x00007ffcba080000 - 0x00007ffcba092000 	C:\WINDOWS\SYSTEM32\kernel.appcore.dll
0x00007ffca2f90000 - 0x00007ffca2fa0000 	C:\Program Files\Java\jdk1.8.0_271\jre\bin\verify.dll
0x00007ffc9c520000 - 0x00007ffc9c54b000 	C:\Program Files\Java\jdk1.8.0_271\jre\bin\java.dll
0x00007ffc94450000 - 0x00007ffc94468000 	C:\Program Files\Java\jdk1.8.0_271\jre\bin\zip.dll
0x00007ffcbc6d0000 - 0x00007ffcbce12000 	C:\WINDOWS\System32\SHELL32.dll
0x00007ffcb94d0000 - 0x00007ffcb9c65000 	C:\WINDOWS\SYSTEM32\windows.storage.dll
0x00007ffcbdc70000 - 0x00007ffcbdfc6000 	C:\WINDOWS\System32\combase.dll
0x00007ffcbb1b0000 - 0x00007ffcbb1dc000 	C:\WINDOWS\SYSTEM32\Wldp.dll
0x00007ffcbd5f0000 - 0x00007ffcbd69e000 	C:\WINDOWS\System32\SHCORE.dll
0x00007ffcbc2a0000 - 0x00007ffcbc2f5000 	C:\WINDOWS\System32\shlwapi.dll
0x00007ffcbb6e0000 - 0x00007ffcbb706000 	C:\WINDOWS\SYSTEM32\profapi.dll
0x00007ffca17a0000 - 0x00007ffca17aa000 	C:\Program Files\NetBeans-12.0\netbeans\java\maven\lib\jansi-native\windows64\jansi.dll
0x00007ffcb9d40000 - 0x00007ffcb9f24000 	C:\WINDOWS\SYSTEM32\dbghelp.dll
0x00007ffcbb7b0000 - 0x00007ffcbb830000 	C:\WINDOWS\System32\bcryptPrimitives.dll

VM Arguments:
jvm_args: -Dclassworlds.conf=C:\Program Files\NetBeans-12.0\netbeans\java\maven\bin\..\bin\m2.conf -Dmaven.home=C:\Program Files\NetBeans-12.0\netbeans\java\maven\bin\.. -Dlibrary.jansi.path=C:\Program Files\NetBeans-12.0\netbeans\java\maven\bin\..\lib\jansi-native -Dmaven.multiModuleProjectDirectory=C:\Users\rami_\OneDrive\Documents\NetBeansProjects\socialwebservice 
java_command: org.codehaus.plexus.classworlds.launcher.Launcher -Dnetbeans.deploy=true -Dmaven.ext.class.path=C:\Program Files\NetBeans-12.0\netbeans\java\maven-nblib\netbeans-eventspy.jar -Dfile.encoding=UTF-8 package
java_class_path (initial): C:\Program Files\NetBeans-12.0\netbeans\java\maven\bin\..\boot\plexus-classworlds-2.6.0.jar
Launcher Type: SUN_STANDARD

Environment Variables:
JAVA_HOME=C:\Program Files\Java\jdk1.8.0_271
PATH=C:\Program Files\Common Files\Oracle\Java\javapath;C:\Program Files (x86)\Common Files\Oracle\Java\javapath;C:\Program Files (x86)\Intel\iCLS Client\;C:\Program Files\Intel\iCLS Client\;C:\WINDOWS\system32;C:\WINDOWS;C:\WINDOWS\System32\Wbem;C:\WINDOWS\System32\WindowsPowerShell\v1.0\;C:\Program Files (x86)\Intel\Intel(R) Management Engine Components\DAL;C:\Program Files\Intel\Intel(R) Management Engine Components\DAL;C:\Program Files (x86)\Intel\Intel(R) Management Engine Components\IPT;C:\Program Files\Intel\Intel(R) Management Engine Components\IPT;C:\WINDOWS\System32\OpenSSH\;C:\Program Files\Git\cmd;C:\Program Files\nodejs\;C:\Program Files\Docker\Docker\resources\bin;C:\ProgramData\DockerDesktop\version-bin;C:\Program Files\Kubernetes\Minikube;C:\Program Files\MySQL\MySQL Shell 8.0\bin\;C:\Users\rami_\AppData\Local\Microsoft\WindowsApps;C:\Program Files\JetBrains\IntelliJ IDEA 2020.2.3\bin;;C:\Program Files\Azure Data Studio\bin;C:\Users\rami_\AppData\Local\GitHubDesktop\bin;E:\Microsoft VS Code\bin;C:\Users\rami_\AppData\Roaming\npm;C:\Program Files\nodejs;
USERNAME=rami_
OS=Windows_NT
PROCESSOR_IDENTIFIER=Intel64 Family 6 Model 142 Stepping 9, GenuineIntel



---------------  S Y S T E M  ---------------

OS: Windows 10.0 , 64 bit Build 19041 (10.0.19041.662)

CPU:total 4 (initial active 4) (2 cores per cpu, 2 threads per core) family 6 model 142 stepping 9, cmov, cx8, fxsr, mmx, sse, sse2, sse3, ssse3, sse4.1, sse4.2, popcnt, aes, clmul, erms, 3dnowpref, lzcnt, ht, tsc, tscinvbit

Memory: 4k page, physical 12497828k(1116472k free), swap 18233528k(5336k free)

vm_info: Java HotSpot(TM) 64-Bit Server VM (25.271-b09) for windows-amd64 JRE (1.8.0_271-b09), built on Sep 16 2020 19:14:59 by "" with MS VC++ 15.9 (VS2017)

time: Wed Jan 13 22:09:02 2021
timezone: W. Europe Standard Time
elapsed time: 4.232003 seconds (0d 0h 0m 4s)

